<?xml version="1.0" encoding="UTF-8" standalone="no"?>
<!DOCTYPE log SYSTEM "logger.dtd">
<log>
<record>
  <date>2019-05-28T13:54:58</date>
  <millis>1559031898632</millis>
  <sequence>0</sequence>
  <level>START</level>
  <class>com.kms.katalon.core.logging.XmlKeywordLogger</class>
  <method>startSuite</method>
  <thread>1</thread>
  <message>Start Test Suite : Test Suites/DTSmoke</message>
  <nestedLevel>0</nestedLevel>
  <property name="name">DTSmoke</property>
  <property name="description"></property>
  <property name="id">Test Suites/DTSmoke</property>
</record>
<record>
  <date>2019-05-28T13:54:58</date>
  <millis>1559031898650</millis>
  <sequence>1</sequence>
  <level>RUN_DATA</level>
  <class>com.kms.katalon.core.logging.XmlKeywordLogger</class>
  <method>logMessage</method>
  <thread>1</thread>
  <message>hostName = Dibyashree.Jyoti - E3480-Djyoti.brandmuscle.local</message>
  <nestedLevel>0</nestedLevel>
  <property name="hostName">Dibyashree.Jyoti - E3480-Djyoti.brandmuscle.local</property>
</record>
<record>
  <date>2019-05-28T13:54:58</date>
  <millis>1559031898654</millis>
  <sequence>2</sequence>
  <level>RUN_DATA</level>
  <class>com.kms.katalon.core.logging.XmlKeywordLogger</class>
  <method>logMessage</method>
  <thread>1</thread>
  <message>os = Windows 10 64bit</message>
  <nestedLevel>0</nestedLevel>
  <property name="os">Windows 10 64bit</property>
</record>
<record>
  <date>2019-05-28T13:54:58</date>
  <millis>1559031898654</millis>
  <sequence>3</sequence>
  <level>RUN_DATA</level>
  <class>com.kms.katalon.core.logging.XmlKeywordLogger</class>
  <method>logMessage</method>
  <thread>1</thread>
  <message>hostAddress = 10.15.3.216</message>
  <nestedLevel>0</nestedLevel>
  <property name="hostAddress">10.15.3.216</property>
</record>
<record>
  <date>2019-05-28T13:54:58</date>
  <millis>1559031898656</millis>
  <sequence>4</sequence>
  <level>RUN_DATA</level>
  <class>com.kms.katalon.core.logging.XmlKeywordLogger</class>
  <method>logMessage</method>
  <thread>1</thread>
  <message>katalonVersion = 6.1.2.2</message>
  <nestedLevel>0</nestedLevel>
  <property name="katalonVersion">6.1.2.2</property>
</record>
<record>
  <date>2019-05-28T13:54:58</date>
  <millis>1559031898956</millis>
  <sequence>5</sequence>
  <level>START</level>
  <class>com.kms.katalon.core.logging.XmlKeywordLogger</class>
  <method>startTest</method>
  <thread>1</thread>
  <message>Start Test Case : Test Cases/IIDT/DT SMOKE/LoginDesignTracker</message>
  <nestedLevel>1</nestedLevel>
  <property name="name">Test Cases/IIDT/DT SMOKE/LoginDesignTracker</property>
  <property name="description"></property>
  <property name="id">Test Cases/IIDT/DT SMOKE/LoginDesignTracker</property>
  <property name="source">D:\\CHR-Katalon\\ABAUTOMATION\\Test Cases\\IIDT\\DT SMOKE\\LoginDesignTracker.tc</property>
  <property name="tag"></property>
  <property name="isOptional">false</property>
</record>
<record>
  <date>2019-05-28T13:54:58</date>
  <millis>1559031898970</millis>
  <sequence>6</sequence>
  <level>END</level>
  <class>com.kms.katalon.core.logging.XmlKeywordLogger</class>
  <method>endTest</method>
  <thread>1</thread>
  <message>End Test Case : Test Cases/IIDT/DT SMOKE/LoginDesignTracker</message>
  <nestedLevel>0</nestedLevel>
</record>
</log>
